2015-07-04 18:22:34 [127.0.0.1][-][-][error][yii\db\Exception] exception 'PDOException' with message 'SQLSTATE[HY000] [1049] Unknown database 'yii2advanced'' in /opt/lampp/htdocs/yblog/vendor/yiisoft/yii2/db/Connection.php:579
Stack trace:
#0 /opt/lampp/htdocs/yblog/vendor/yiisoft/yii2/db/Connection.php(579): PDO->__construct('mysql:host=loca...', 'root', '', NULL)
#1 /opt/lampp/htdocs/yblog/vendor/yiisoft/yii2/db/Connection.php(529): yii\db\Connection->createPdoInstance()
#2 /opt/lampp/htdocs/yblog/vendor/yiisoft/yii2/db/Connection.php(836): yii\db\Connection->open()
#3 /opt/lampp/htdocs/yblog/vendor/yiisoft/yii2/db/Connection.php(823): yii\db\Connection->getMasterPdo()
#4 /opt/lampp/htdocs/yblog/vendor/yiisoft/yii2/db/Schema.php(444): yii\db\Connection->getSlavePdo()
#5 /opt/lampp/htdocs/yblog/vendor/yiisoft/yii2/db/Connection.php(732): yii\db\Schema->quoteValue('root')
#6 /opt/lampp/htdocs/yblog/vendor/yiisoft/yii2/db/Command.php(164): yii\db\Connection->quoteValue('root')
#7 /opt/lampp/htdocs/yblog/vendor/yiisoft/yii2/db/Command.php(794): yii\db\Command->getRawSql()
#8 /opt/lampp/htdocs/yblog/vendor/yiisoft/yii2/db/Command.php(375): yii\db\Command->queryInternal('fetchColumn', 0)
#9 /opt/lampp/htdocs/yblog/vendor/yiisoft/yii2/db/Query.php(363): yii\db\Command->queryScalar()
#10 /opt/lampp/htdocs/yblog/vendor/yiisoft/yii2/validators/UniqueValidator.php(111): yii\db\Query->exists()
#11 /opt/lampp/htdocs/yblog/vendor/yiisoft/yii2/validators/Validator.php(240): yii\validators\UniqueValidator->validateAttribute(Object(frontend\models\SignupForm), 'username')
#12 /opt/lampp/htdocs/yblog/vendor/yiisoft/yii2/base/Model.php(351): yii\validators\Validator->validateAttributes(Object(frontend\models\SignupForm), Array)
#13 /opt/lampp/htdocs/yblog/frontend/models/SignupForm.php(45): yii\base\Model->validate()
#14 /opt/lampp/htdocs/yblog/frontend/controllers/SiteController.php(123): frontend\models\SignupForm->signup()
#15 [internal function]: frontend\controllers\SiteController->actionSignup()
#16 /opt/lampp/htdocs/yblog/vendor/yiisoft/yii2/base/InlineAction.php(55): call_user_func_array(Array, Array)
#17 /opt/lampp/htdocs/yblog/vendor/yiisoft/yii2/base/Controller.php(151): yii\base\InlineAction->runWithParams(Array)
#18 /opt/lampp/htdocs/yblog/vendor/yiisoft/yii2/base/Module.php(455): yii\base\Controller->runAction('signup', Array)
#19 /opt/lampp/htdocs/yblog/vendor/yiisoft/yii2/web/Application.php(84): yii\base\Module->runAction('site/signup', Array)
#20 /opt/lampp/htdocs/yblog/vendor/yiisoft/yii2/base/Application.php(375): yii\web\Application->handleRequest(Object(yii\web\Request))
#21 /opt/lampp/htdocs/yblog/frontend/web/index.php(18): yii\base\Application->run()
#22 {main}

Next exception 'yii\db\Exception' with message 'SQLSTATE[HY000] [1049] Unknown database 'yii2advanced'' in /opt/lampp/htdocs/yblog/vendor/yiisoft/yii2/db/Connection.php:534
Stack trace:
#0 /opt/lampp/htdocs/yblog/vendor/yiisoft/yii2/db/Connection.php(836): yii\db\Connection->open()
#1 /opt/lampp/htdocs/yblog/vendor/yiisoft/yii2/db/Connection.php(823): yii\db\Connection->getMasterPdo()
#2 /opt/lampp/htdocs/yblog/vendor/yiisoft/yii2/db/Schema.php(444): yii\db\Connection->getSlavePdo()
#3 /opt/lampp/htdocs/yblog/vendor/yiisoft/yii2/db/Connection.php(732): yii\db\Schema->quoteValue('root')
#4 /opt/lampp/htdocs/yblog/vendor/yiisoft/yii2/db/Command.php(164): yii\db\Connection->quoteValue('root')
#5 /opt/lampp/htdocs/yblog/vendor/yiisoft/yii2/db/Command.php(794): yii\db\Command->getRawSql()
#6 /opt/lampp/htdocs/yblog/vendor/yiisoft/yii2/db/Command.php(375): yii\db\Command->queryInternal('fetchColumn', 0)
#7 /opt/lampp/htdocs/yblog/vendor/yiisoft/yii2/db/Query.php(363): yii\db\Command->queryScalar()
#8 /opt/lampp/htdocs/yblog/vendor/yiisoft/yii2/validators/UniqueValidator.php(111): yii\db\Query->exists()
#9 /opt/lampp/htdocs/yblog/vendor/yiisoft/yii2/validators/Validator.php(240): yii\validators\UniqueValidator->validateAttribute(Object(frontend\models\SignupForm), 'username')
#10 /opt/lampp/htdocs/yblog/vendor/yiisoft/yii2/base/Model.php(351): yii\validators\Validator->validateAttributes(Object(frontend\models\SignupForm), Array)
#11 /opt/lampp/htdocs/yblog/frontend/models/SignupForm.php(45): yii\base\Model->validate()
#12 /opt/lampp/htdocs/yblog/frontend/controllers/SiteController.php(123): frontend\models\SignupForm->signup()
#13 [internal function]: frontend\controllers\SiteController->actionSignup()
#14 /opt/lampp/htdocs/yblog/vendor/yiisoft/yii2/base/InlineAction.php(55): call_user_func_array(Array, Array)
#15 /opt/lampp/htdocs/yblog/vendor/yiisoft/yii2/base/Controller.php(151): yii\base\InlineAction->runWithParams(Array)
#16 /opt/lampp/htdocs/yblog/vendor/yiisoft/yii2/base/Module.php(455): yii\base\Controller->runAction('signup', Array)
#17 /opt/lampp/htdocs/yblog/vendor/yiisoft/yii2/web/Application.php(84): yii\base\Module->runAction('site/signup', Array)
#18 /opt/lampp/htdocs/yblog/vendor/yiisoft/yii2/base/Application.php(375): yii\web\Application->handleRequest(Object(yii\web\Request))
#19 /opt/lampp/htdocs/yblog/frontend/web/index.php(18): yii\base\Application->run()
#20 {main}
Additional Information:

2015-07-04 18:22:34 [127.0.0.1][-][-][info][application] $_POST = [
    '_csrf' => 'MG0yby54dGxeBn4EaxYDXF4KdwNcGTBBHSRUDhoCWSNaOEcrXkk.CQ=='
    'SignupForm' => [
        'username' => 'root'
        'email' => 'root@webmail.com'
        'password' => 'root123'
    ]
    'signup-button' => ''
]

$_COOKIE = [
    'PHPSESSID' => '410fmhccbmhtt8urqkb6dk11u0'
    '_csrf' => '97ad0abd88388899f9e525bcffe04ff790159656abeb115777ca8f41bb2dbf78a:2:{i:0;s:5:\"_csrf\";i:1;s:32:\"nkLkEnw0ngElraD--Ifa4z-OjUuDp1Je\";}'
]

$_SESSION = [
    '__flash' => []
    '__captcha/site/captcha' => 'dulebhy'
    '__captcha/site/captchacount' => 1
    '__returnUrl' => '/yblog/backend/web/index.php'
]

$_SERVER = [
    'REDIRECT_UNIQUE_ID' => 'VZgISn8AAQEAABKYcdQAAAAH'
    'REDIRECT_STATUS' => '200'
    'UNIQUE_ID' => 'VZgISn8AAQEAABKYcdQAAAAH'
    'HTTP_HOST' => 'localhost'
    'HTTP_CONNECTION' => 'keep-alive'
    'CONTENT_LENGTH' => '185'
    'HTTP_CACHE_CONTROL' => 'max-age=0'
    'HTTP_ACCEPT' => 'text/html,application/xhtml+xml,application/xml;q=0.9,image/webp,*/*;q=0.8'
    'HTTP_ORIGIN' => 'http://localhost'
    'HTTP_USER_AGENT' => 'Mozilla/5.0 (X11; Linux i686) AppleWebKit/537.36 (KHTML, like Gecko) Chrome/43.0.2357.130 Safari/537.36'
    'CONTENT_TYPE' => 'application/x-www-form-urlencoded'
    'HTTP_REFERER' => 'http://localhost/yblog/frontend/web/site/signup'
    'HTTP_ACCEPT_ENCODING' => 'gzip, deflate'
    'HTTP_ACCEPT_LANGUAGE' => 'en-US,en;q=0.8,id;q=0.6'
    'HTTP_COOKIE' => 'PHPSESSID=410fmhccbmhtt8urqkb6dk11u0; _csrf=97ad0abd88388899f9e525bcffe04ff790159656abeb115777ca8f41bb2dbf78a%3A2%3A%7Bi%3A0%3Bs%3A5%3A%22_csrf%22%3Bi%3A1%3Bs%3A32%3A%22nkLkEnw0ngElraD--Ifa4z-OjUuDp1Je%22%3B%7D'
    'PATH' => '/usr/local/sbin:/usr/local/bin:/usr/sbin:/usr/bin:/sbin:/bin'
    'LD_LIBRARY_PATH' => '/opt/lampp/lib:/opt/lampp/lib'
    'SERVER_SIGNATURE' => ''
    'SERVER_SOFTWARE' => 'Apache/2.4.12 (Unix) OpenSSL/1.0.1m PHP/5.5.24 mod_perl/2.0.8-dev Perl/v5.16.3'
    'SERVER_NAME' => 'localhost'
    'SERVER_ADDR' => '127.0.0.1'
    'SERVER_PORT' => '80'
    'REMOTE_ADDR' => '127.0.0.1'
    'DOCUMENT_ROOT' => '/opt/lampp/htdocs'
    'REQUEST_SCHEME' => 'http'
    'CONTEXT_PREFIX' => ''
    'CONTEXT_DOCUMENT_ROOT' => '/opt/lampp/htdocs'
    'SERVER_ADMIN' => 'you@example.com'
    'SCRIPT_FILENAME' => '/opt/lampp/htdocs/yblog/frontend/web/index.php'
    'REMOTE_PORT' => '51886'
    'REDIRECT_URL' => '/yblog/frontend/web/site/signup'
    'GATEWAY_INTERFACE' => 'CGI/1.1'
    'SERVER_PROTOCOL' => 'HTTP/1.1'
    'REQUEST_METHOD' => 'POST'
    'QUERY_STRING' => ''
    'REQUEST_URI' => '/yblog/frontend/web/site/signup'
    'SCRIPT_NAME' => '/yblog/frontend/web/index.php'
    'PHP_SELF' => '/yblog/frontend/web/index.php'
    'REQUEST_TIME_FLOAT' => 1436026954.658
    'REQUEST_TIME' => 1436026954
]
